<<<<<<< Updated upstream
﻿Build started 4/27/2016 1:35:54 PM.
     1>Project "D:\opengl-engine\PhysicsTesting\PhysicsTesting.vcxproj" on node 2 (Build target(s)).
     1>ClCompile:
         C:\Program Files (x86)\Microsoft Visual Studio 14.0\VC\bin\CL.exe /c /ZI /nologo /W3 /WX- /sdl /Od /Oy- /D _MBCS /Gm /EHsc /RTC1 /MDd /GS /fp:precise /Zc:wchar_t /Zc:forScope /Zc:inline /Fo"Debug\\" /Fd"Debug\vc140.pdb" /Gd /TP /analyze- /errorReport:prompt PhysicsObject.cpp PhysicsTest.cpp main.cpp
         main.cpp
     1>d:\opengl-engine\project42\colors.h(7): error C2514: 'Color': class has no constructors
         d:\opengl-engine\project42\colors.h(3): note: see declaration of 'Color'
     1>d:\opengl-engine\project42\colors.h(9): error C2514: 'Color': class has no constructors
         d:\opengl-engine\project42\colors.h(3): note: see declaration of 'Color'
     1>d:\opengl-engine\project42\colors.h(11): error C2514: 'Color': class has no constructors
         d:\opengl-engine\project42\colors.h(3): note: see declaration of 'Color'
     1>d:\opengl-engine\project42\colors.h(13): error C2514: 'Color': class has no constructors
         d:\opengl-engine\project42\colors.h(3): note: see declaration of 'Color'
     1>d:\opengl-engine\project42\colors.h(15): error C2514: 'Color': class has no constructors
         d:\opengl-engine\project42\colors.h(3): note: see declaration of 'Color'
     1>d:\opengl-engine\project42\drawablegamecomponent.h(13): error C2440: 'default argument': cannot convert from 'Color' to 'Proj42::Color'
         d:\opengl-engine\project42\drawablegamecomponent.h(13): note: No user-defined-conversion operator available that can perform this conversion, or the operator cannot be called
     1>d:\opengl-engine\project42\game.h(30): warning C4244: 'return': conversion from 'float' to 'int', possible loss of data
         PhysicsTest.cpp
     1>d:\opengl-engine\project42\colors.h(7): error C2514: 'Color': class has no constructors
         d:\opengl-engine\project42\colors.h(3): note: see declaration of 'Color'
     1>d:\opengl-engine\project42\colors.h(9): error C2514: 'Color': class has no constructors
         d:\opengl-engine\project42\colors.h(3): note: see declaration of 'Color'
     1>d:\opengl-engine\project42\colors.h(11): error C2514: 'Color': class has no constructors
         d:\opengl-engine\project42\colors.h(3): note: see declaration of 'Color'
     1>d:\opengl-engine\project42\colors.h(13): error C2514: 'Color': class has no constructors
         d:\opengl-engine\project42\colors.h(3): note: see declaration of 'Color'
     1>d:\opengl-engine\project42\colors.h(15): error C2514: 'Color': class has no constructors
         d:\opengl-engine\project42\colors.h(3): note: see declaration of 'Color'
     1>d:\opengl-engine\project42\drawablegamecomponent.h(13): error C2440: 'default argument': cannot convert from 'Color' to 'Proj42::Color'
         d:\opengl-engine\project42\drawablegamecomponent.h(13): note: No user-defined-conversion operator available that can perform this conversion, or the operator cannot be called
     1>d:\opengl-engine\project42\game.h(30): warning C4244: 'return': conversion from 'float' to 'int', possible loss of data
         Generating Code...
         Compiling...
         PhysicsObject.cpp
     1>d:\opengl-engine\project42\colors.h(7): error C2514: 'Color': class has no constructors
         d:\opengl-engine\project42\colors.h(3): note: see declaration of 'Color'
     1>d:\opengl-engine\project42\colors.h(9): error C2514: 'Color': class has no constructors
         d:\opengl-engine\project42\colors.h(3): note: see declaration of 'Color'
     1>d:\opengl-engine\project42\colors.h(11): error C2514: 'Color': class has no constructors
         d:\opengl-engine\project42\colors.h(3): note: see declaration of 'Color'
     1>d:\opengl-engine\project42\colors.h(13): error C2514: 'Color': class has no constructors
         d:\opengl-engine\project42\colors.h(3): note: see declaration of 'Color'
     1>d:\opengl-engine\project42\colors.h(15): error C2514: 'Color': class has no constructors
         d:\opengl-engine\project42\colors.h(3): note: see declaration of 'Color'
         Generating Code...
     1>Done Building Project "D:\opengl-engine\PhysicsTesting\PhysicsTesting.vcxproj" (Build target(s)) -- FAILED.
=======
﻿Build started 4/28/2016 9:55:33 AM.
     1>Project "D:\opengl-engine\PhysicsTesting\PhysicsTesting.vcxproj" on node 2 (Build target(s)).
     1>ClCompile:
         C:\Program Files (x86)\Microsoft Visual Studio 14.0\VC\bin\CL.exe /c /ZI /nologo /W3 /WX- /sdl /Od /Oy- /D _MBCS /Gm /EHsc /RTC1 /MDd /GS /fp:precise /Zc:wchar_t /Zc:forScope /Zc:inline /Fo"Debug\\" /Fd"Debug\vc140.pdb" /Gd /TP /analyze- /errorReport:prompt PhysicsTest.cpp
         PhysicsTest.cpp
       Link:
         C:\Program Files (x86)\Microsoft Visual Studio 14.0\VC\bin\link.exe /ERRORREPORT:PROMPT /OUT:"D:\opengl-engine\Debug\PhysicsTesting.exe" /INCREMENTAL /NOLOGO opengl32.lib SDL2.lib SDL2main.lib glew32.lib Project42.lib kernel32.lib user32.lib gdi32.lib winspool.lib comdlg32.lib advapi32.lib shell32.lib ole32.lib oleaut32.lib uuid.lib odbc32.lib odbccp32.lib /MANIFEST /MANIFESTUAC:"level='asInvoker' uiAccess='false'" /manifest:embed /Debug /PDB:"D:\opengl-engine\Debug\PhysicsTesting.pdb" /SUBSYSTEM:CONSOLE /TLBID:1 /DYNAMICBASE /NXCOMPAT /IMPLIB:"D:\opengl-engine\Debug\PhysicsTesting.lib" /MACHINE:X86 Debug\main.obj
         Debug\PhysicsObject.obj
         Debug\PhysicsTest.obj
         PhysicsTesting.vcxproj -> D:\opengl-engine\Debug\PhysicsTesting.exe
     1>Done Building Project "D:\opengl-engine\PhysicsTesting\PhysicsTesting.vcxproj" (Build target(s)).
>>>>>>> Stashed changes

Build succeeded.

<<<<<<< Updated upstream
Time Elapsed 00:00:02.55
=======
Time Elapsed 00:00:01.62
>>>>>>> Stashed changes
